<?xml version="1.0" encoding="UTF-8"?>
<testng-results skipped="0" failed="0" ignored="0" total="1" passed="1">
  <reporter-output>
  </reporter-output>
  <suite name="Default suite" duration-ms="36964" started-at="2019-11-21T13:18:29Z" finished-at="2019-11-21T13:19:06Z">
    <groups>
    </groups>
    <test name="Default test" duration-ms="36964" started-at="2019-11-21T13:18:29Z" finished-at="2019-11-21T13:19:06Z">
      <class name="testNG.TestNG">
        <test-method status="PASS" signature="setup()[pri:0, instance:testNG.TestNG@3ffc5af1]" name="setup" is-config="true" duration-ms="34244" started-at="2019-11-21T13:18:29Z" finished-at="2019-11-21T13:19:03Z">
          <reporter-output>
          </reporter-output>
        </test-method> <!-- setup -->
        <test-method status="PASS" signature="resgister()[pri:1, instance:testNG.TestNG@3ffc5af1]" name="resgister" duration-ms="1825" started-at="2019-11-21T13:19:03Z" finished-at="2019-11-21T13:19:05Z">
          <reporter-output>
          </reporter-output>
        </test-method> <!-- resgister -->
        <test-method status="PASS" signature="teardown()[pri:0, instance:testNG.TestNG@3ffc5af1]" name="teardown" is-config="true" duration-ms="871" started-at="2019-11-21T13:19:05Z" finished-at="2019-11-21T13:19:06Z">
          <reporter-output>
          </reporter-output>
        </test-method> <!-- teardown -->
      </class> <!-- testNG.TestNG -->
    </test> <!-- Default test -->
  </suite> <!-- Default suite -->
</testng-results>
