<?xml version="1.0" encoding="UTF-8"?>
<testng-results skipped="0" failed="0" ignored="0" total="1" passed="1">
  <reporter-output>
  </reporter-output>
  <suite name="Default suite" duration-ms="64338" started-at="2019-11-25T13:56:25Z" finished-at="2019-11-25T13:57:29Z">
    <groups>
    </groups>
    <test name="Default test" duration-ms="64338" started-at="2019-11-25T13:56:25Z" finished-at="2019-11-25T13:57:29Z">
      <class name="com.facebook.Facebook_Login">
        <test-method status="PASS" signature="setup()[pri:0, instance:com.facebook.Facebook_Login@6500df86]" name="setup" is-config="true" duration-ms="42404" started-at="2019-11-25T13:56:25Z" finished-at="2019-11-25T13:57:07Z">
          <reporter-output>
          </reporter-output>
        </test-method> <!-- setup -->
        <test-method status="PASS" signature="login()[pri:0, instance:com.facebook.Facebook_Login@6500df86]" name="login" duration-ms="20640" started-at="2019-11-25T13:57:07Z" finished-at="2019-11-25T13:57:28Z">
          <reporter-output>
          </reporter-output>
        </test-method> <!-- login -->
        <test-method status="PASS" signature="tearDown()[pri:0, instance:com.facebook.Facebook_Login@6500df86]" name="tearDown" is-config="true" duration-ms="1265" started-at="2019-11-25T13:57:28Z" finished-at="2019-11-25T13:57:29Z">
          <reporter-output>
          </reporter-output>
        </test-method> <!-- tearDown -->
      </class> <!-- com.facebook.Facebook_Login -->
    </test> <!-- Default test -->
  </suite> <!-- Default suite -->
</testng-results>
