<?xml version="1.0" encoding="UTF-8"?>
<testng-results skipped="0" failed="0" ignored="0" total="1" passed="1">
  <reporter-output>
  </reporter-output>
  <suite name="Default suite" duration-ms="26252" started-at="2019-11-25T13:29:37Z" finished-at="2019-11-25T13:30:04Z">
    <groups>
    </groups>
    <test name="Default test" duration-ms="26252" started-at="2019-11-25T13:29:37Z" finished-at="2019-11-25T13:30:04Z">
      <class name="com.GRID.GRID_DataProvider">
        <test-method status="PASS" signature="LogInTest(java.lang.String, java.lang.String, java.lang.String)[pri:0, instance:com.GRID.GRID_DataProvider@4439f31e]" name="LogInTest" duration-ms="26220" started-at="2019-11-25T13:29:37Z" data-provider="getData" finished-at="2019-11-25T13:30:04Z">
          <params>
            <param index="0">
              <value>
                <![CDATA[tutorial]]>
              </value>
            </param>
            <param index="1">
              <value>
                <![CDATA[tutorial]]>
              </value>
            </param>
            <param index="2">
              <value>
                <![CDATA[chrome]]>
              </value>
            </param>
          </params>
          <reporter-output>
          </reporter-output>
        </test-method> <!-- LogInTest -->
      </class> <!-- com.GRID.GRID_DataProvider -->
    </test> <!-- Default test -->
  </suite> <!-- Default suite -->
</testng-results>
